GRAPH {
r -- e
r -- p
r -- k
r -- j
r -- l
r -- c
r -- g
r -- u
r -- m
r -- s
r -- d
r -- y
r -- w
r -- n
r -- f
r -- I
r -- h
r -- i
r -- a
r -- o
r -- b
r -- t
e -- v
p -- a
p -- u
p -- e
k -- e
k -- n
j -- u
l -- e
l -- o
l -- i
c -- o
c -- a
g -- a
g -- i
g -- o
g -- e
u -- s
u -- p
m -- u
m -- i
m -- o
m -- a
m -- e
m -- y
s -- i
s -- t
s -- e
s -- o
s -- h
s -- a
d -- y
d -- i
d -- a
d -- o
y -- e
y -- o
w -- a
w -- h
w -- o
w -- e
w -- i
n -- e
n -- o
f -- a
f -- e
f -- i
f -- r
f -- o
h -- o
h -- i
h -- e
h -- a
i -- s
i -- f
i -- t
i -- n
a -- m
a -- r
a -- f
a -- b
a -- l
a -- t
a -- s
a -- n
o -- v
o -- t
o -- u
o -- r
o -- n
o -- f
b -- r
b -- a
b -- y
b -- u
b -- e
t -- u
t -- r
t -- w
t -- a
t -- i
t -- o
t -- h
v -- e
a -- i
a -- y
u -- t
e -- o
e -- p
e -- e
n -- o
u -- s
e -- t
e -- f
e -- a
o -- o
i -- v
i -- k
o -- m
o -- u
a -- l
a -- m
a -- n
a -- v
i -- v
o -- i
o -- n
o -- e
o -- t
o -- o
e -- t
s -- i
s -- e
u -- s
i -- g
o -- s
a -- d
a -- y
a -- k
e -- a
i -- t
t -- o
t -- a
e -- e
o -- m
h -- a
h -- o
h -- e
a -- t
a -- w
a -- i
a -- y
y -- i
i -- e
i -- d
a -- y
o -- n
o -- i
o -- e
e -- a
o -- u
a -- s
a -- n
a -- y
h -- e
h -- i
h -- o
h -- a
o -- r
o -- u
e -- n
e -- r
e -- l
i -- l
i -- t
e -- e
e -- w
o -- w
o -- t
a -- l
e -- l
e -- e
i -- n
i -- r
r -- o
o -- u
o -- r
o -- w
i -- m
i -- s
e -- a
e -- r
a -- d
a -- s
a -- v
t -- s
n -- t
r -- e
f -- t
b -- o
l -- s
l -- l
n -- y
n -- d
v -- e
t -- h
u -- r
u -- t
n -- l
n -- e
r -- o
r -- i
a -- c
u -- t
e -- g
e -- i
e -- e
e -- c
u -- r
r -- i
r -- y
w -- o
a -- l
a -- k
i -- m
o -- o
h -- i
h -- a
h -- e
e -- n
i -- d
y -- i
y -- s
t -- t
t -- s
o -- p
p -- t
e -- p
o -- w
s -- t
t -- t
t -- s
f -- t
a -- r
a -- v
o -- k
v -- i
v -- e
k -- e
m -- i
m -- e
u -- l
l -- l
m -- e
v -- e
v -- i
v -- e
i -- n
n -- e
e -- s
t -- t
o -- d
t -- t
i -- n
e -- d
e -- s
s -- t
g -- h
s -- t
d -- e
k -- i
k -- e
a -- n
t -- t
t -- s
o -- o
a -- n
a -- r
e -- m
e -- i
e -- n
e -- s
m -- e
a -- l
o -- w
o -- u
i -- d
y -- i
y -- s
i -- n
e -- d
e -- s
n -- e
i -- n
e -- s
a -- r
u -- r
n -- t
e -- n
i -- c
a -- t
r -- k
u -- l
n -- t
r -- e
l -- l
l -- l
t -- h
e -- d
l -- l
l -- l
l -- t
e -- l
n -- d
r -- s
o -- m
u -- n
a -- r
v -- i
v -- e
t -- o
t -- e
o -- u
s -- o
e -- r
h -- e
l -- y
o -- u
i -- n
c -- k
g -- a
g -- i
i -- n
e -- n
c -- o
c -- a
r -- n
i -- e
y -- i
l -- k
k -- i
k -- e
m -- e
o -- k
i -- n
i -- s
a -- n
a -- t
e -- s
e -- n
e -- m
e -- i
e -- r
e -- y
i -- n
t -- i
p -- l
p -- i
p -- s
t -- i
r -- n
v -- i
v -- e
k -- i
k -- e
k -- s
i -- n
e -- d
e -- s
i -- n
e -- s
l -- d
l -- i
l -- e
l -- s
i -- n
e -- n
e -- s
n -- g
t -- e
t -- i
n -- g
h -- t
i -- n
e -- s
n -- i
n -- t
n -- s
t -- i
o -- d
n -- d
r -- t
m -- i
m -- e
m -- s
i -- n
l -- l
w -- i
w -- e
w -- s
u -- l
i -- n
n -- g
n -- g
t -- i
t -- e
t -- s
c -- h
l -- d
d -- i
d -- e
d -- s
l -- i
l -- e
l -- s
l -- i
l -- s
d -- i
d -- s
s -- t
n -- d
r -- i
r -- d
r -- s
i -- n
e -- r
u -- t
e -- r
u -- g
n -- g
a -- n
i -- n
n -- g
o -- m
a -- m
a -- u
n -- i
n -- e
n -- s
e -- d
e -- s
i -- n
k -- i
k -- e
k -- s
i -- n
e -- n
e -- s
n -- k
s -- e
i -- r
r -- e
n -- g
i -- n
l -- e
i -- n
i -- n
n -- i
n -- e
n -- s
i -- n
e -- s
i -- n
e -- d
n -- g
n -- g
i -- n
e -- d
n -- g
e -- n
i -- n
n -- g
i -- n
i -- n
d -- i
d -- s
t -- i
t -- e
t -- s
i -- n
e -- d
n -- g
i -- n
e -- d
l -- d
n -- g
i -- n
e -- d
i -- n
e -- d
i -- n
e -- n
i -- n
i -- n
i -- n
n -- g
g -- h
g -- i
g -- s
n -- n
n -- s
m -- i
m -- e
m -- e
u -- s
i -- n
e -- d
n -- g
i -- n
e -- d
n -- g
n -- g
n -- g
n -- g
i -- n
e -- d
n -- g
n -- g
n -- g
n -- g
n -- g
n -- g
i -- n
i -- n
e -- d
n -- g
n -- g
n -- g
n -- g
n -- g
n -- g
n -- g
n -- g
h -- t
i -- n
n -- i
i -- n
e -- s
s -- e
n -- g
n -- g
n -- g
n -- g
n -- g
n -- g
i -- n
n -- g
n -- g
}
